<?xml version="1.0" encoding="UTF-8"?>
<testng-results skipped="0" failed="0" ignored="0" total="2" passed="2">
  <reporter-output>
  </reporter-output>
  <suite name="Default suite" duration-ms="28083" started-at="2020-08-13T17:26:41Z" finished-at="2020-08-13T17:27:09Z">
    <groups>
      <group name="cucumber">
        <method signature="RunnerTest.feature(cucumber.api.testng.CucumberFeatureWrapper)[pri:0, instance:AutomationTest.BrightTalkTest.RunnerTest@17695df3]" name="feature" class="AutomationTest.BrightTalkTest.RunnerTest"/>
      </group> <!-- cucumber -->
    </groups>
    <test name="Default test" duration-ms="28083" started-at="2020-08-13T17:26:41Z" finished-at="2020-08-13T17:27:09Z">
      <class name="AutomationTest.BrightTalkTest.RunnerTest">
        <test-method status="PASS" signature="setUpClass()[pri:0, instance:AutomationTest.BrightTalkTest.RunnerTest@17695df3]" name="setUpClass" is-config="true" duration-ms="427" started-at="2020-08-13T17:26:41Z" finished-at="2020-08-13T17:26:42Z">
          <reporter-output>
          </reporter-output>
        </test-method> <!-- setUpClass -->
        <test-method status="PASS" signature="feature(cucumber.api.testng.CucumberFeatureWrapper)[pri:0, instance:AutomationTest.BrightTalkTest.RunnerTest@17695df3]" name="feature" duration-ms="11886" started-at="2020-08-13T17:26:42Z" description="Runs Cucumber Feature" data-provider="features" finished-at="2020-08-13T17:26:54Z">
          <params>
            <param index="0">
              <value>
                <![CDATA[API test]]>
              </value>
            </param>
          </params>
          <reporter-output>
          </reporter-output>
        </test-method> <!-- feature -->
        <test-method status="PASS" signature="feature(cucumber.api.testng.CucumberFeatureWrapper)[pri:0, instance:AutomationTest.BrightTalkTest.RunnerTest@17695df3]" name="feature" duration-ms="15598" started-at="2020-08-13T17:26:54Z" description="Runs Cucumber Feature" data-provider="features" finished-at="2020-08-13T17:27:09Z">
          <params>
            <param index="0">
              <value>
                <![CDATA[BrightTalk  Sample Test]]>
              </value>
            </param>
          </params>
          <reporter-output>
          </reporter-output>
        </test-method> <!-- feature -->
        <test-method status="PASS" signature="tearDownClass()[pri:0, instance:AutomationTest.BrightTalkTest.RunnerTest@17695df3]" name="tearDownClass" is-config="true" duration-ms="20" started-at="2020-08-13T17:27:09Z" finished-at="2020-08-13T17:27:09Z">
          <reporter-output>
          </reporter-output>
        </test-method> <!-- tearDownClass -->
      </class> <!-- AutomationTest.BrightTalkTest.RunnerTest -->
    </test> <!-- Default test -->
  </suite> <!-- Default suite -->
</testng-results>
